<?xml version="1.0" encoding="UTF-8"?>
<!-- Generated by org.testng.reporters.JUnitReportReporter -->
<testsuite hostname="Admin" failures="0" tests="7" name="com.project.tests.runners.TestNGRunner" time="77.960" errors="0" timestamp="2025-09-09T10:30:42 IST" skipped="0">
  <testcase classname="com.project.tests.runners.TestNGRunner" name="runScenario" time="8.569"/>
  <testcase classname="com.project.tests.runners.TestNGRunner" name="runScenario" time="5.297"/>
  <testcase classname="com.project.tests.runners.TestNGRunner" name="runScenario" time="7.883"/>
  <testcase classname="com.project.tests.runners.TestNGRunner" name="runScenario" time="5.524"/>
  <testcase classname="com.project.tests.runners.TestNGRunner" name="runScenario" time="16.432"/>
  <testcase classname="com.project.tests.runners.TestNGRunner" name="runScenario" time="24.161"/>
  <testcase classname="com.project.tests.runners.TestNGRunner" name="runScenario" time="10.094"/>
</testsuite> <!-- com.project.tests.runners.TestNGRunner -->
